<div>[INFO] BUILD FAILURE
    <br>[INFO] ------------------------------------------------------------------------
    <br>[INFO] Total time: 2.704s
    <br>[INFO] Finished at: Sun Apr 21 10:56:26 UTC 2013
    <br>[INFO] Final Memory: 7M/17M
    <br>[INFO] ------------------------------------------------------------------------
    <br>[ERROR] Failed to execute goal org.apache.maven.plugins:maven-compiler-plugin:2.3.2:compile
    (default-compile) on project java-example: Compilation failure: Compilation
    failure:
    <br>[ERROR] /var/lib/jenkins/workspace/afrykashop-customcode-10905/src/main/java/com/stackmob/example/Product.java:[148,2]
    missing return statement
    <br>[ERROR] /var/lib/jenkins/workspace/afrykashop-customcode-10905/src/main/java/com/stackmob/example/Product.java:[182,2]
    missing return statement
    <br>[ERROR] /var/lib/jenkins/workspace/afrykashop-customcode-10905/src/main/java/com/stackmob/example/Product.java:[272,34]
    unreported exception com.stackmob.core.InvalidSchemaException; must be
    caught or declared to be thrown
    <br>[ERROR] -&gt; [Help 1]
    <br>[ERROR]
    <br>[ERROR] To see the full stack trace of the errors, re-run Maven with the
    -e switch.
    <br>[ERROR] Re-run Maven using the -X switch to enable full debug logging.
    <br>[ERROR]
    <br>[ERROR] For more information about the errors and possible solutions,
    please read the following articles:
    <br>[ERROR] [Help 1] http://cwiki.apache.org/confluence/display/MAVEN/MojoFailureException
    <br>Build step 'Invoke top-level Maven targets' marked build as failure
    <br>Triggering a new build of CCBuildFailLogger #1097
    <br>Finished: FAILURE
    <br>
</div>